#
#
#
#
#
#    Don't try viewing this report without a plog-converter utility!!!
#
#    plog-converter -a GA:1,2 -t tasklist -o report.tasks /path/to/this/file.log
#
#    A link to the documentation: https://www.viva64.com/en/m/0036/
#
#
#
#
#
d99cf3ba-6fcd-43f9-9260-1179fa3a9bed
r-vUVbw<6y|D3 h22y|D3bxy|D3(a88o(=a'(>uoho-2=}'y|D3uaa8ay|D3r[G[y|D3,Luck8ou>o-U2c>h22ck8->ouac-=ckU==u_c->o8cN->uoK>o8kNc h>'o-8>}c1>=ku'ocoLuc=u'8>_cUajhPu>o}y|D3 U2=uy|D3*y|D3cccc- ;LU>_2u_^cdy|D3cccccccc- c;->uoK>o8k;U__aw3=UK UP-2fEckEcc9h  Ec9h  =-:u^cmmcS^cdy|D3cccccccccccc=oa>'kf;9h  EcRh>s>8]>c-kREc9h  =-:u^ny|D3y|D3{4<wVJX
r-vUVbw<6y|D3 h22y|D3*xy|D3(a88o(=a'(=8'suoK=uohk}'y|D3uaa8ay|D3rVbxy|D3,Luc=-:uc8 coLucNZcPU>UjuaKU__aNc9h  uac-=c>8ocUcPh2o-k2uc8 coLucu2uPu>oc=-:uc8 coLucofkucN=oah'oc=8'sU__aN}y|D3 U2=uy|D3Jy|D3y|D3cccc- ;9->_;PU>Ujua.8'suoEc;=oah'oc=8'sU__a+^cZPU>UjuaKU__aEc=-:u8 ;PU>UjuaKU__a^^cycS^cdy|D3cccccccc@8j<aa8a;R<aa8ac9->_->jcPU>Ujuac=8'suo%cY=REc=oauaa8a;uaa>8^^ny|D3y|D3{4<wGSb
r-vUVbw<6y|D3 h22y|D3JxVy|D3(a88o(=a'(PU->}'y|D3uaa8ay|D3rVbxy|D3,Luc=-:uc8 coLucNZc=uavuaU_aNc9h  uac-=c>8ocUcPh2o-k2uc8 coLucu2uPu>oc=-:uc8 coLucofkucN=oah'oc=8'sU__aN}y|D3 U2=uy|D3Jy|D3y|D3cccc- c;9->_;=uavuaEc;=oah'oc=8'sU__ac+^Z=uavuaU_aEc=-:u8 ;=uavuaU_a^^cycSc^y|D3ccccdy|D3y|D3{4<wGSb
r-vUVbw<6y|D3 h22y|D3xJVy|D3(a88o(=a'(k8k* -2u}'y|D3uaa8ay|D3r[G[y|D3,Luck8ou>o-U2c>h22ck8->ouac-=ckU==u_c->o8cN8ku>Nc h>'o-8>}c1>=ku'ocoLuc -a=ocUajhPu>o}c{Lu'sc2->u=%cxJVEcxJ*}y|D3 U2=uy|D3Jy|D3y|D3cccc->oc -2uK_u='a-ko8acmc8ku>; -2uKkUoLEc?KCF?Q@e^ny|D3cccc- c; -2uK_u='a-ko8acmmcwx^cdy|D3xJVExJ*y|D3{4<wVJX
r-vUVbw<6y|D3 h22y|D3xViy|D3(a88o(=a'(k8k* -2u}'y|D3uaa8ay|D3r[G[y|D3,Luck8ou>o-U2c>h22ck8->ouac-=ckU==u_c->o8cN 8ku>Nc h>'o-8>}c1>=ku'ocoLuc -a=ocUajhPu>o}c{Lu'sc2->u=%cxViEcxVV}y|D3 U2=uy|D3Jy|D3cccccccc((c?ku>coLuc -2uy|D3cccccccc'2-u>ow3 -2u.oUou} -2ucmc 8ku>; -2uKkUoLEcRaR^ny|D3cccccccc- c;'2-u>ow3 -2u.oUou} -2ucmmcQg@@^cdy|D3xViExVVy|D3{4<wVJX
r-vUVbw<6y|D3 h22y|D3JSby|D3(a88o(=a'(k8k* -2u}'y|D3uaa8ay|D3r[G[y|D3,Luck8ou>o-U2c>h22ck8->ouac-=ckU==u_c->o8cNauP8vuNc h>'o-8>}c1>=ku'ocoLuc -a=ocUajhPu>o}c{Lu'sc2->u=%cJSbEcJSx}y|D3 U2=uy|D3Jy|D3y|D3cccc->ocauocmcauP8vu; -2uKkUoL^ny|D3y|D3JSbEJSxy|D3{4<wVJX
r-vUVbw<6y|D3 h22y|D3[Gy|D3(a88o(=a'('8PPU>_wLU>_2ua}'y|D3uaa8ay|D3r[GVy|D31>'8aau'oc 8aPUo}c{8>=-_uac'Lu's->jcoLucoL-a_cU'ohU2cUajhPu>oc8 coLucN=ka->o Nc h>'o-8>}c,Luc.1HQ<Fc->oujuacofkucUajhPu>oc-=cu/ku'ou_}y|D3 U2=uy|D3*y|D3ccccBcu2=ucdy|D3cccccccc=ka->o ;Pu==UjuEcRt?`c\?\*c=uavuac=-j>->jc8  c;Y_cPu==UjuY=c2u o^)a)>REc'2-u>ow3 -2uK'U>oEc'2-u>ow3 -2uK'U>ocmmcxzcRR%R=R^ny|D3ccccBy|D3y|D3{4<wVJX
r-vUVbw<6y|D3 h22y|D3GJy|D3(a88o(=a'('8PPU>_wLU>_2ua}'y|D3uaa8ay|D3r[G[y|D3,Luck8ou>o-U2c>h22ck8->ouac-=ckU==u_c->o8cN=ka->o Nc h>'o-8>}c1>=ku'ocoLuc -a=ocUajhPu>o}c{Lu'sc2->u=%cGJEcGx}y|D3 U2=uy|D3Jy|D3cccc'LUac+cPu==UjucmcPU228';xSS^ny|D3cccc=ka->o ;Pu==UjuERt?`cY_cY_)a)>REc'2-u>ow3U'o-vuK -2uK'U>oEc'2-u>ow3U'o-vuK -2uK=-:u^ny|D3cccc]a-ouKo8K'2-u>o;'2-u>oEcPu==Uju^ny|D3GJEGxy|D3{4<wVJX
r-vUVbw<6y|D3 h22y|D3GJy|D3(a88o(=a'('8PPU>_wLU>_2ua}'y|D3uaa8ay|D3r[GVy|D31>'8aau'oc 8aPUo}c{8>=-_uac'Lu's->jcoLucoL-a_cU'ohU2cUajhPu>oc8 coLucN=ka->o Nc h>'o-8>}c,Luc.1HQ<Fc->oujuacofkucUajhPu>oc-=cu/ku'ou_}y|D3 U2=uy|D3*y|D3cccc'LUac+cPu==UjucmcPU228';xSS^ny|D3cccc=ka->o ;Pu==UjuERt?`cY_cY_)a)>REc'2-u>ow3U'o-vuK -2uK'U>oEc'2-u>ow3U'o-vuK -2uK=-:u^ny|D3cccc]a-ouKo8K'2-u>o;'2-u>oEcPu==Uju^ny|D3y|D3{4<wVJX
r-vUVbw<6y|D3 h22y|D3GJy|D3(a88o(=a'('8PPU>_wLU>_2ua}'y|D3uaa8ay|D3r[GVy|D31>'8aau'oc 8aPUo}c{8>=-_uac'Lu's->jcoLuc 8haoLcU'ohU2cUajhPu>oc8 coLucN=ka->o Nc h>'o-8>}c,Luc.1HQ<Fc->oujuacofkucUajhPu>oc-=cu/ku'ou_}y|D3 U2=uy|D3*y|D3cccc'LUac+cPu==UjucmcPU228';xSS^ny|D3cccc=ka->o ;Pu==UjuERt?`cY_cY_)a)>REc'2-u>ow3U'o-vuK -2uK'U>oEc'2-u>ow3U'o-vuK -2uK=-:u^ny|D3cccc]a-ouKo8K'2-u>o;'2-u>oEcPu==Uju^ny|D3y|D3{4<wVJX
r-vUVbw<6y|D3 h22y|D3GXy|D3(a88o(=a'('8PPU>_wLU>_2ua}'y|D3uaa8ay|D3rG[xy|D3\UaUPuouacNUajJNc-=c>8och=u_c->=-_uc h>'o-8>c98_f}y|D3 U2=uy|D3*y|D3y|D3=oPK=oUouKocLU>_2u@-=o;'LUac+cUajxEc'LUac+cUajJEc=oah'oc=u2u'o8aKsuf+csuf^cdy|D3cccc=oah'oc{2-u>oc+'2-u>ocmcsufw3_UoUny|D3y|D3
r-vUVbw<6y|D3 h22y|D3xJ[y|D3(a88o(=a'('8PPU>_wLU>_2ua}'y|D3uaa8ay|D3r[G[y|D3,Luck8ou>o-U2c>h22ck8->ouac-=ckU==u_c->o8cN=ka->o Nc h>'o-8>}c1>=ku'ocoLuc -a=ocUajhPu>o}c{Lu'sc2->u=%cxJ[EcxJ*}y|D3 U2=uy|D3Jy|D3cccccccccccc@8j1> 8;RC<,C%cPu==UjucY_c=u>o}cIU=cY_c8'ouo=REcUo8-;Uajx^Ec'2-u>ow3 -2u=!-"} -2uK=-:u^ny|D3cccccccccccc=ka->o ;Pu==UjuEcRt?`cY_c8'ouo=)a)>REc'2-u>ow3 -2u=!-"} -2uK=-:u^ny|D3cccccccccccc]a-ouKo8K'2-u>o;'2-u>oEcPu==Uju^ny|D3xJ[ExJ*y|D3{4<wVJX
r-vUVbw<6y|D3 h22y|D3xxiy|D3(a88o(=a'('8PPU>_wLU>_2ua}'y|D3uaa8ay|D3rG[xy|D3\UaUPuouacNUajJNc-=c>8och=u_c->=-_uc h>'o-8>c98_f}y|D3 U2=uy|D3*y|D3y|D3=oPK=oUouKocLU>_2uCuoa;'LUac+cUajxEc'LUac+cUajJEc=oah'oc=u2u'o8aKsuf+csuf^cdy|D3cccc=oah'oc{2-u>oc+'2-u>ocmcsufw3_UoUny|D3y|D3
r-vUVbw<6y|D3 h22y|D3x[xy|D3(a88o(=a'('8PPU>_wLU>_2ua}'y|D3uaa8ay|D3r[G[y|D3,Luck8ou>o-U2c>h22ck8->ouac-=ckU==u_c->o8cN=ka->o Nc h>'o-8>}c1>=ku'ocoLuc -a=ocUajhPu>o}c{Lu'sc2->u=%cx[xEcxbb}y|D3 U2=uy|D3Jy|D3cccccccccccccccc@8j1> 8;R6u==UjucY_c_u2uou_REc'2-u>ow3 -2u=!-"} -2uK-_^ny|D3cccccccccccccccc=ka->o ;Pu==UjuEcRt?`cPu==UjucY_c_u2uou_)a)>REc'2-u>ow3 -2u=!-"} -2uK-_^ny|D3ccccccccccccBcu2=ucdy|D3x[xExbby|D3{4<wVJX
r-vUVbw<6y|D3 h22y|D3xXby|D3(a88o(=a'('8PPU>_wLU>_2ua}'y|D3uaa8ay|D3r[G[y|D3,Luck8ou>o-U2c>h22ck8->ouac-=ckU==u_c->o8cN=ka->o Nc h>'o-8>}c1>=ku'ocoLuc -a=ocUajhPu>o}c{Lu'sc2->u=%cxXbEcxXJ}y|D3 U2=uy|D3Jy|D3cccc@8j1> 8;RC.<,%cY_cPu==Uju=ch>_u2uou_REc'2-u>ow3 -2uK'U>o^ny|D3cccc=ka->o ;Pu==UjuEcRt?`cPU-2_a8kcLU=cY_cPu==Uju=c;Y_c8'ouo=^)a)>REc'2-u>ow3U'o-vuK -2uK'U>oEc'2-u>ow3U'o-vuK -2uK=-:u^ny|D3cccc]a-ouKo8K'2-u>o;'2-u>oEcPu==Uju^ny|D3xXbExXJy|D3{4<wVJX
r-vUVbw<6y|D3 h22y|D3xXby|D3(a88o(=a'('8PPU>_wLU>_2ua}'y|D3uaa8ay|D3r[GVy|D31>'8aau'oc 8aPUo}c{8>=-_uac'Lu's->jcoLucoL-a_cU'ohU2cUajhPu>oc8 coLucN=ka->o Nc h>'o-8>}c,Luc.1HQ<Fc->oujuacofkucUajhPu>oc-=cu/ku'ou_}y|D3 U2=uy|D3*y|D3cccc@8j1> 8;RC.<,%cY_cPu==Uju=ch>_u2uou_REc'2-u>ow3 -2uK'U>o^ny|D3cccc=ka->o ;Pu==UjuEcRt?`cPU-2_a8kcLU=cY_cPu==Uju=c;Y_c8'ouo=^)a)>REc'2-u>ow3U'o-vuK -2uK'U>oEc'2-u>ow3U'o-vuK -2uK=-:u^ny|D3cccc]a-ouKo8K'2-u>o;'2-u>oEcPu==Uju^ny|D3y|D3{4<wVJX
r-vUVbw<6y|D3 h22y|D3xXby|D3(a88o(=a'('8PPU>_wLU>_2ua}'y|D3uaa8ay|D3r[GVy|D31>'8aau'oc 8aPUo}c{8>=-_uac'Lu's->jcoLuc 8haoLcU'ohU2cUajhPu>oc8 coLucN=ka->o Nc h>'o-8>}c,Luc.1HQ<Fc->oujuacofkucUajhPu>oc-=cu/ku'ou_}y|D3 U2=uy|D3*y|D3cccc@8j1> 8;RC.<,%cY_cPu==Uju=ch>_u2uou_REc'2-u>ow3 -2uK'U>o^ny|D3cccc=ka->o ;Pu==UjuEcRt?`cPU-2_a8kcLU=cY_cPu==Uju=c;Y_c8'ouo=^)a)>REc'2-u>ow3U'o-vuK -2uK'U>oEc'2-u>ow3U'o-vuK -2uK=-:u^ny|D3cccc]a-ouKo8K'2-u>o;'2-u>oEcPu==Uju^ny|D3y|D3{4<wVJX
r-vUVbw<6y|D3 h22y|D3JSSy|D3(a88o(=a'('8PPU>_wLU>_2ua}'y|D3uaa8ay|D3r[G[y|D3,Luck8ou>o-U2c>h22ck8->ouac-=ckU==u_c->o8cNPuP'kfNc h>'o-8>}c1>=ku'ocoLuc -a=ocUajhPu>o}c{Lu'sc2->u=%cJSSEcxii}y|D3 U2=uy|D3Jy|D3cccc'2-u>ow3>UPucmcPU228';=oa2u>;Uajx^ctcx^ny|D3ccccPuP'kf;'2-u>ow3>UPuEcUajxEc=oa2u>;Uajx^ctcx^ny|D3y|D3JSSExiiy|D3{4<wVJX
r-vUVbw<6y|D3 h22y|D3xiSy|D3(a88o(=a'('8PPU>_wLU>_2ua}'y|D3uaa8ay|D3rG[xy|D3\UaUPuouacNUajJNc-=c>8och=u_c->=-_uc h>'o-8>c98_f}y|D3 U2=uy|D3*y|D3y|D3=oPK=oUouKocLU>_2ug=ua;'LUac+cUajxEc'LUac+cUajJEc=oah'oc=u2u'o8aKsuf+csuf^cdy|D3cccc=oah'oc{2-u>oc+'2-u>ocmcsufw3_UoUny|D3y|D3
r-vUVbw<6y|D3 h22y|D3JxGy|D3(a88o(=a'('8PPU>_wLU>_2ua}'y|D3uaa8ay|D3r[G[y|D3,Luck8ou>o-U2c>h22ck8->ouac-=ckU==u_c->o8cNPuP'kfNc h>'o-8>}c1>=ku'ocoLuc -a=ocUajhPu>o}c{Lu'sc2->u=%cJxGEcJxV}y|D3 U2=uy|D3Jy|D3cccccccccccc'2-u>ow3kU==]8a_cmcPU228';=oa2u>;Uajx^ctcx^ny|D3ccccccccccccPuP'kf;'2-u>ow3kU==]8a_EcUajxEc=oa2u>;Uajx^ctcx^ny|D3cccccccccccc'2-u>ow3=oUoucmc,C$Q.${,1?Qny|D3JxGEJxVy|D3{4<wVJX
r-vUVbw<6y|D3 h22y|D3JS[y|D3(a88o(=a'('8PPU>_wLU>_2ua}'y|D3uaa8ay|D3rG[xy|D3\UaUPuouacNUajJNc-=c>8och=u_c->=-_uc h>'o-8>c98_f}y|D3 U2=uy|D3*y|D3y|D3=oPK=oUouKocLU>_2u\U==;'LUac+cUajxEc'LUac+cUajJEc=oah'oc=u2u'o8aKsuf+csuf^cdy|D3cccc=oah'oc{2-u>oc+'2-u>ocmcsufw3_UoUny|D3y|D3
r-vUVbw<6y|D3 h22y|D3JG*y|D3(a88o(=a'(=u2u'o8a}'y|D3uaa8ay|D3r[bGy|D3</kau==-8>c-=cU2]Uf=c U2=u}y|D3 U2=uy|D3Jy|D3cccccccc'8>=oc=-:uKoc>u]K=-:ucmc>u/oK'UkU'-of;>^ny|D3cccccccc- c;>u]K=-:uc3c.1W<K6$M(u2uPu>oK=-:u^cdc((cvuac6<6SGw{y|D3ccccccccccccauocmc.<@<{,?CK<Q?6<6ny|D3y|D3{4<w[GS
r-vUVbw<6y|D3 h22y|D3bVy|D3(a88o(=a'(PU>Ujua(PU>UjuaKLU>_2ua}'y|D3uaa8ay|D3rVxby|D3g>->-o-U2-:u_ck8->ouacNoLuKPU>Ujua}kUa=uaNch=u_}c{8>=-_uac'Lu's->jcoLuc -a=ocU'ohU2cUajhPu>oc8 coLucNPU>UjuaKkUa=uaK_u=oa8fNc h>'o-8>}y|D3 U2=uy|D3xy|D3cccccccc@8j<aa8a;Rg>U92uco8cau'-uvucPu==Ujuc a8PcPU>Ujua%cY=REc=oauaa8a;uaa>8^^ny|D3ccccccccPU>UjuaKkUa=uaK_u=oa8f;oLuKPU>Ujua}kUa=ua^ny|D3ccccccccauoha>ny|D3y|D3{4<wXJb
r-vUVbw<6y|D3 h22y|D3iJy|D3(a88o(=a'(PU>Ujua(PU>UjuaKLU>_2ua}'y|D3uaa8ay|D3r[G[y|D3,LucNPuP'kfNc h>'o-8>c_8u=>Noc'8kfcoLuc]L82uc=oa->j}cg=ucN=oa'kfc(c=oa'kfK=Nc h>'o-8>co8ckau=uavucouaP->U2c>h22}y|D3 U2=uy|D3xy|D3cccccccccccc'8PPU>_KPUkk->j=!-"}LU>_2ua;PU>Ujuaw3kUa=uaw3UajxEcau=k8>=u^ny|D3ccccccccccccPuP'kf;PU>Ujuaw3=uavuaK9h  uaEcau=k8>=uEc=oa2u>;au=k8>=u^^ny|D3ccccccccccccauoha>cPU>Ujuaw3kUa=uaw3=oUouny|D3y|D3{4<wVJX
r-vUVbw<6y|D3 h22y|D3xSJy|D3(a88o(=a'(PU>Ujua(PU>UjuaKLU>_2ua}'y|D3uaa8ay|D3r[G[y|D3,LucNPuP'kfNc h>'o-8>c_8u=>Noc'8kfcoLuc]L82uc=oa->j}cg=ucN=oa'kfc(c=oa'kfK=Nc h>'o-8>co8ckau=uavucouaP->U2c>h22}y|D3 U2=uy|D3xy|D3cccc'LUac+ch>s>8]>cmcRw<CCcg>s>8]>c'8PPU>_}cg=uc{$\$c 8acUvU-2U92uc'8PPU>_=})a)>Rny|D3ccccPuP'kf;PU>Ujuaw3=uavuaK9h  uaEch>s>8]>Ec=oa2u>;h>s>8]>^^ny|D3ccccauoha>cPU>Ujuaw3kUa=uaw3=oUouny|D3y|D3{4<wVJX
r-vUVbw<6y|D3 h22y|D3iJy|D3(a88o(=a'(PU>Ujua(PU>UjuaKkUa=ua}'y|D3uaa8ay|D3r[[Gy|D3$aaUfc8vuaah>c-=ck8==-92u}c,LucvU2huc8 cNkw32->uK=-:uNc->_u/c'8h2_cauU'LcbSi[}y|D3 U2=uy|D3Jy|D3cccccccccccc- c;kw32->uK=-:uc3cS^cdy|D3cccccccccccccccckw32->u!kw32->uK=-:u"cmcSny|D3ccccccccccccccccPKka8'u==K9h  ua;k^ny|D3y|D3{4<wGXG
r-vUVbw<6y|D3 h22y|D3xSSy|D3(a88o(=a'(PU>Ujua(PU>UjuaKkUa=ua}'y|D3uaa8ay|D3r[[Gy|D3$aaUfc8vuaah>c-=ck8==-92u}c,LucvU2huc8 cNkw32->uK=-:ucttNc->_u/c'8h2_cauU'LcbSi[}y|D3 U2=uy|D3Jy|D3cccccccc_u Uh2o%y|D3cccccccccccckw32->u!kw32->uK=-:utt"cmc'ny|D3ccccBy|D3y|D3{4<wGXG
